d:\fmi\structuri de date si algoritmi\projectsda\debug\vc141.pdb
d:\fmi\structuri de date si algoritmi\projectsda\debug\vc141.idb
d:\fmi\structuri de date si algoritmi\projectsda\debug\set.obj
d:\fmi\structuri de date si algoritmi\projectsda\debug\main.obj
d:\fmi\structuri de date si algoritmi\proiect\projectsda\debug\vc141.pdb
d:\fmi\structuri de date si algoritmi\proiect\projectsda\debug\vc141.idb
d:\fmi\structuri de date si algoritmi\proiect\projectsda\debug\set.obj
d:\fmi\structuri de date si algoritmi\proiect\projectsda\debug\persoana.obj
d:\fmi\structuri de date si algoritmi\proiect\projectsda\debug\main.obj
d:\fmi\structuri de date si algoritmi\proiect\projectsda\debug\repository.obj
d:\fmi\structuri de date si algoritmi\proiect\projectsda\debug\service.obj
d:\fmi\structuri de date si algoritmi\proiect\projectsda\debug\validator.obj
d:\fmi\structuri de date si algoritmi\projectsda\debug\projectsda.exe
d:\fmi\structuri de date si algoritmi\projectsda\debug\projectsda.ilk
d:\fmi\structuri de date si algoritmi\projectsda\debug\projectsda.pdb
d:\fmi\structuri de date si algoritmi\proiect\projectsda\debug\projectsda.exe
d:\fmi\structuri de date si algoritmi\proiect\projectsda\debug\projectsda.ilk
d:\fmi\structuri de date si algoritmi\proiect\projectsda\debug\projectsda.pdb
c:\facultate\an1\projectsda\debug\main.obj
c:\facultate\an1\projectsda\debug\persoana.obj
c:\facultate\an1\projectsda\debug\repository.obj
c:\facultate\an1\projectsda\debug\service.obj
c:\facultate\an1\projectsda\debug\set.obj
c:\facultate\an1\projectsda\debug\validator.obj
c:\facultate\an1\projectsda\debug\main.obj.enc
c:\facultate\an1\projectsda\debug\set.obj.enc
c:\facultate\an1\projectsda\debug\projectsda.ilk
c:\facultate\an1\projectsda\debug\vc141.idb
c:\facultate\an1\projectsda\debug\projectsda.pdb
c:\facultate\an1\projectsda\debug\vc141.pdb
c:\facultate\an1\projectsda\debug\projectsda.exe
c:\facultate\an1\projectsda\debug\projectsda.tlog\cl.command.1.tlog
c:\facultate\an1\projectsda\debug\projectsda.tlog\cl.read.1.tlog
c:\facultate\an1\projectsda\debug\projectsda.tlog\cl.write.1.tlog
c:\facultate\an1\projectsda\debug\projectsda.tlog\link.command.1.tlog
c:\facultate\an1\projectsda\debug\projectsda.tlog\link.read.1.tlog
c:\facultate\an1\projectsda\debug\projectsda.tlog\link.write.1.tlog
