[2018-05-26 18:49:38] [info] Start Program:
Path:"D:\FMI\Structuri de date si algoritmi\Proiect\ProjectSDA\Debug\ProjectSDA.exe"
Arguments:
Working directory: "D:\FMI\Structuri de date si algoritmi\Proiect\ProjectSDA\"
Modules: Selected: D:\FMI\Structuri de date si algoritmi\Proiect\ProjectSDA\Debug\ProjectSDA.exe Excluded: 
Sources: Selected: D:\FMI\Structuri de date si algoritmi\Proiect\ProjectSDA Excluded: 
Log Level: Normal
Cover Children: 0
Aggregate by file: 1
Continue after C++ exception: 0
Optimized build support: 0
Export: Binary C:\Users\Amelia\AppData\Local\Temp\453z0md5.5le 
Input coverage: 
Unified diff: 
Excluded line regular expressions: 

[2018-05-26 18:49:38] [info] Module: D:\FMI\Structuri de date si algoritmi\Proiect\ProjectSDA\Debug\ProjectSDA.exe is selected because it matches selected pattern: D:\FMI\Structuri de date si algoritmi\Proiect\ProjectSDA\Debug\ProjectSDA.exe
[2018-05-26 18:49:38] [info] Module: C:\Windows\SysWOW64\ntdll.dll is skipped because it matches no selected patterns
[2018-05-26 18:49:38] [info] Module: C:\Windows\SysWOW64\kernel32.dll is skipped because it matches no selected patterns
[2018-05-26 18:49:38] [info] Module: C:\Windows\SysWOW64\KernelBase.dll is skipped because it matches no selected patterns
[2018-05-26 18:49:38] [info] Module: C:\Windows\SysWOW64\vcruntime140d.dll is skipped because it matches no selected patterns
[2018-05-26 18:49:38] [info] Module: C:\Windows\SysWOW64\msvcp140d.dll is skipped because it matches no selected patterns
[2018-05-26 18:49:38] [info] Module: C:\Windows\SysWOW64\ucrtbased.dll is skipped because it matches no selected patterns
[2018-05-26 18:49:38] [info] Module: C:\Windows\SysWOW64\kernel.appcore.dll is skipped because it matches no selected patterns
[2018-05-26 18:49:38] [info] Module: C:\Windows\SysWOW64\msvcrt.dll is skipped because it matches no selected patterns
[2018-05-26 18:49:38] [info] Module: C:\Windows\SysWOW64\rpcrt4.dll is skipped because it matches no selected patterns
[2018-05-26 18:49:38] [info] Module: C:\Windows\SysWOW64\sspicli.dll is skipped because it matches no selected patterns
[2018-05-26 18:49:38] [info] Module: C:\Windows\SysWOW64\cryptbase.dll is skipped because it matches no selected patterns
[2018-05-26 18:49:38] [info] Module: C:\Windows\SysWOW64\bcryptprimitives.dll is skipped because it matches no selected patterns
[2018-05-26 18:49:38] [info] Module: C:\Windows\SysWOW64\sechost.dll is skipped because it matches no selected patterns
[2018-05-26 18:49:38] [info] ----------------------------------------------------
[2018-05-26 18:49:38] [info] Coverage binary generated in file: C:\Users\Amelia\AppData\Local\Temp\453z0md5.5le
[2018-05-26 18:49:38] [info] ----------------------------------------------------
